<?xml version="1.0" encoding="UTF-8"?>
<testng-results skipped="0" failed="0" ignored="0" total="1" passed="1">
  <reporter-output>
  </reporter-output>
  <suite name="Suite1" duration-ms="5571" started-at="2017-12-14T10:38:27Z" finished-at="2017-12-14T10:38:33Z">
    <groups>
    </groups>
    <test name="Nopackage" duration-ms="5571" started-at="2017-12-14T10:38:27Z" finished-at="2017-12-14T10:38:33Z">
      <class name="com.mail.MailBox">
        <test-method status="PASS" signature="aa()[pri:0, instance:com.mail.MailBox@25618e91]" name="aa" duration-ms="5543" started-at="2017-12-14T18:38:27Z" finished-at="2017-12-14T18:38:33Z">
          <reporter-output>
          </reporter-output>
        </test-method> <!-- aa -->
      </class> <!-- com.mail.MailBox -->
    </test> <!-- Nopackage -->
  </suite> <!-- Suite1 -->
</testng-results>
