<?xml version="1.0" encoding="UTF-8"?>
<!-- Generated by org.testng.reporters.JUnitXMLReporter -->
<testsuite hostname="DESKTOP-P1UBEC0" ignored="0" name="Nopackage" tests="5" failures="4" timestamp="13 十二月 2017 06:49:31 GMT" time="44.494" errors="0">
  <testcase name="one" time="21.375" classname="com.framedev.TestOne"/>
  <testcase name="two" time="5.178" classname="com.framedev.TestOne">
    <failure type="org.openqa.selenium.WebDriverException" message="TypeError: can&amp;apos;t access dead object
Build info: version: &amp;apos;3.6.0&amp;apos;, revision: &amp;apos;6fbf3ec767&amp;apos;, time: &amp;apos;2017-09-27T16:15:40.131Z&amp;apos;
System info: host: &amp;apos;DESKTOP-P1UBEC0&amp;apos;, ip: &amp;apos;192.168.48.1&amp;apos;, os.name: &amp;apos;Windows 10&amp;apos;, os.arch: &amp;apos;amd64&amp;apos;, os.version: &amp;apos;10.0&amp;apos;, java.version: &amp;apos;1.8.0_121&amp;apos;
Driver info: org.openqa.selenium.firefox.FirefoxDriver
Capabilities [{moz:profile=C:\Users\lenovo\AppData\Local\Temp\rust_mozprofile.tBlACSixQo5W, rotatable=false, timeouts={implicit=0, pageLoad=300000, script=30000}, pageLoadStrategy=normal, platform=XP, specificationLevel=0, moz:accessibilityChecks=false, acceptInsecureCerts=true, browserVersion=55.0.3, platformVersion=10.0, moz:processID=2668, browserName=firefox, javascriptEnabled=true, platformName=XP}]
Session ID: 936fe90c-05c1-4896-9fc2-9143bbf589af">
      <![CDATA[org.openqa.selenium.WebDriverException: TypeError: can't access dead object
Build info: version: '3.6.0', revision: '6fbf3ec767', time: '2017-09-27T16:15:40.131Z'
System info: host: 'DESKTOP-P1UBEC0', ip: '192.168.48.1', os.name: 'Windows 10', os.arch: 'amd64', os.version: '10.0', java.version: '1.8.0_121'
Driver info: org.openqa.selenium.firefox.FirefoxDriver
Capabilities [{moz:profile=C:\Users\lenovo\AppData\Local\Temp\rust_mozprofile.tBlACSixQo5W, rotatable=false, timeouts={implicit=0, pageLoad=300000, script=30000}, pageLoadStrategy=normal, platform=XP, specificationLevel=0, moz:accessibilityChecks=false, acceptInsecureCerts=true, browserVersion=55.0.3, platformVersion=10.0, moz:processID=2668, browserName=firefox, javascriptEnabled=true, platformName=XP}]
Session ID: 936fe90c-05c1-4896-9fc2-9143bbf589af
	at org.openqa.selenium.remote.http.W3CHttpResponseCodec.createException(W3CHttpResponseCodec.java:185)
	at org.openqa.selenium.remote.http.W3CHttpResponseCodec.decode(W3CHttpResponseCodec.java:120)
	at org.openqa.selenium.remote.http.W3CHttpResponseCodec.decode(W3CHttpResponseCodec.java:49)
	at org.openqa.selenium.remote.HttpCommandExecutor.execute(HttpCommandExecutor.java:164)
	at org.openqa.selenium.remote.service.DriverCommandExecutor.execute(DriverCommandExecutor.java:83)
	at org.openqa.selenium.remote.RemoteWebDriver.execute(RemoteWebDriver.java:586)
	at org.openqa.selenium.remote.RemoteWebDriver.execute(RemoteWebDriver.java:643)
	at org.openqa.selenium.remote.RemoteWebDriver.getPageSource(RemoteWebDriver.java:468)
	at com.webtest.core.WebDriverEngine.getHtmlSource(WebDriverEngine.java:247)
	at com.framedev.TestOne.two(TestOne.java:46)
... Removed 29 stack frames]]>
    </failure>
  </testcase> <!-- two -->
  <testcase name="three" time="3.047" classname="com.framedev.TestOne">
    <failure type="org.openqa.selenium.WebDriverException" message="TypeError: can&amp;apos;t access dead object
Build info: version: &amp;apos;3.6.0&amp;apos;, revision: &amp;apos;6fbf3ec767&amp;apos;, time: &amp;apos;2017-09-27T16:15:40.131Z&amp;apos;
System info: host: &amp;apos;DESKTOP-P1UBEC0&amp;apos;, ip: &amp;apos;192.168.48.1&amp;apos;, os.name: &amp;apos;Windows 10&amp;apos;, os.arch: &amp;apos;amd64&amp;apos;, os.version: &amp;apos;10.0&amp;apos;, java.version: &amp;apos;1.8.0_121&amp;apos;
Driver info: org.openqa.selenium.firefox.FirefoxDriver
Capabilities [{moz:profile=C:\Users\lenovo\AppData\Local\Temp\rust_mozprofile.tBlACSixQo5W, rotatable=false, timeouts={implicit=0, pageLoad=300000, script=30000}, pageLoadStrategy=normal, platform=XP, specificationLevel=0, moz:accessibilityChecks=false, acceptInsecureCerts=true, browserVersion=55.0.3, platformVersion=10.0, moz:processID=2668, browserName=firefox, javascriptEnabled=true, platformName=XP}]
Session ID: 936fe90c-05c1-4896-9fc2-9143bbf589af
*** Element info: {Using=css selector, value=frame[name=&amp;apos;openinputiframe&amp;apos;],iframe[name=&amp;apos;openinputiframe&amp;apos;]}">
      <![CDATA[org.openqa.selenium.WebDriverException: TypeError: can't access dead object
Build info: version: '3.6.0', revision: '6fbf3ec767', time: '2017-09-27T16:15:40.131Z'
System info: host: 'DESKTOP-P1UBEC0', ip: '192.168.48.1', os.name: 'Windows 10', os.arch: 'amd64', os.version: '10.0', java.version: '1.8.0_121'
Driver info: org.openqa.selenium.firefox.FirefoxDriver
Capabilities [{moz:profile=C:\Users\lenovo\AppData\Local\Temp\rust_mozprofile.tBlACSixQo5W, rotatable=false, timeouts={implicit=0, pageLoad=300000, script=30000}, pageLoadStrategy=normal, platform=XP, specificationLevel=0, moz:accessibilityChecks=false, acceptInsecureCerts=true, browserVersion=55.0.3, platformVersion=10.0, moz:processID=2668, browserName=firefox, javascriptEnabled=true, platformName=XP}]
Session ID: 936fe90c-05c1-4896-9fc2-9143bbf589af
*** Element info: {Using=css selector, value=frame[name='openinputiframe'],iframe[name='openinputiframe']}
	at org.openqa.selenium.remote.http.W3CHttpResponseCodec.createException(W3CHttpResponseCodec.java:185)
	at org.openqa.selenium.remote.http.W3CHttpResponseCodec.decode(W3CHttpResponseCodec.java:120)
	at org.openqa.selenium.remote.http.W3CHttpResponseCodec.decode(W3CHttpResponseCodec.java:49)
	at org.openqa.selenium.remote.HttpCommandExecutor.execute(HttpCommandExecutor.java:164)
	at org.openqa.selenium.remote.service.DriverCommandExecutor.execute(DriverCommandExecutor.java:83)
	at org.openqa.selenium.remote.RemoteWebDriver.execute(RemoteWebDriver.java:586)
	at org.openqa.selenium.remote.RemoteWebDriver.findElements(RemoteWebDriver.java:383)
	at org.openqa.selenium.remote.RemoteWebDriver.findElementsByCssSelector(RemoteWebDriver.java:454)
	at org.openqa.selenium.By$ByCssSelector.findElements(By.java:441)
	at org.openqa.selenium.remote.RemoteWebDriver.findElements(RemoteWebDriver.java:344)
	at org.openqa.selenium.remote.RemoteWebDriver$RemoteTargetLocator.frame(RemoteWebDriver.java:918)
	at com.webtest.core.WebDriverEngine.enterFrame(WebDriverEngine.java:57)
	at com.framedev.TestOne.three(TestOne.java:56)
... Removed 29 stack frames]]>
    </failure>
  </testcase> <!-- three -->
  <testcase name="four" time="3.046" classname="com.framedev.TestOne">
    <failure type="org.openqa.selenium.WebDriverException" message="TypeError: can&amp;apos;t access dead object
Build info: version: &amp;apos;3.6.0&amp;apos;, revision: &amp;apos;6fbf3ec767&amp;apos;, time: &amp;apos;2017-09-27T16:15:40.131Z&amp;apos;
System info: host: &amp;apos;DESKTOP-P1UBEC0&amp;apos;, ip: &amp;apos;192.168.48.1&amp;apos;, os.name: &amp;apos;Windows 10&amp;apos;, os.arch: &amp;apos;amd64&amp;apos;, os.version: &amp;apos;10.0&amp;apos;, java.version: &amp;apos;1.8.0_121&amp;apos;
Driver info: org.openqa.selenium.firefox.FirefoxDriver
Capabilities [{moz:profile=C:\Users\lenovo\AppData\Local\Temp\rust_mozprofile.tBlACSixQo5W, rotatable=false, timeouts={implicit=0, pageLoad=300000, script=30000}, pageLoadStrategy=normal, platform=XP, specificationLevel=0, moz:accessibilityChecks=false, acceptInsecureCerts=true, browserVersion=55.0.3, platformVersion=10.0, moz:processID=2668, browserName=firefox, javascriptEnabled=true, platformName=XP}]
Session ID: 936fe90c-05c1-4896-9fc2-9143bbf589af
*** Element info: {Using=css selector, value=frame[name=&amp;apos;openinputiframe&amp;apos;],iframe[name=&amp;apos;openinputiframe&amp;apos;]}">
      <![CDATA[org.openqa.selenium.WebDriverException: TypeError: can't access dead object
Build info: version: '3.6.0', revision: '6fbf3ec767', time: '2017-09-27T16:15:40.131Z'
System info: host: 'DESKTOP-P1UBEC0', ip: '192.168.48.1', os.name: 'Windows 10', os.arch: 'amd64', os.version: '10.0', java.version: '1.8.0_121'
Driver info: org.openqa.selenium.firefox.FirefoxDriver
Capabilities [{moz:profile=C:\Users\lenovo\AppData\Local\Temp\rust_mozprofile.tBlACSixQo5W, rotatable=false, timeouts={implicit=0, pageLoad=300000, script=30000}, pageLoadStrategy=normal, platform=XP, specificationLevel=0, moz:accessibilityChecks=false, acceptInsecureCerts=true, browserVersion=55.0.3, platformVersion=10.0, moz:processID=2668, browserName=firefox, javascriptEnabled=true, platformName=XP}]
Session ID: 936fe90c-05c1-4896-9fc2-9143bbf589af
*** Element info: {Using=css selector, value=frame[name='openinputiframe'],iframe[name='openinputiframe']}
	at org.openqa.selenium.remote.http.W3CHttpResponseCodec.createException(W3CHttpResponseCodec.java:185)
	at org.openqa.selenium.remote.http.W3CHttpResponseCodec.decode(W3CHttpResponseCodec.java:120)
	at org.openqa.selenium.remote.http.W3CHttpResponseCodec.decode(W3CHttpResponseCodec.java:49)
	at org.openqa.selenium.remote.HttpCommandExecutor.execute(HttpCommandExecutor.java:164)
	at org.openqa.selenium.remote.service.DriverCommandExecutor.execute(DriverCommandExecutor.java:83)
	at org.openqa.selenium.remote.RemoteWebDriver.execute(RemoteWebDriver.java:586)
	at org.openqa.selenium.remote.RemoteWebDriver.findElements(RemoteWebDriver.java:383)
	at org.openqa.selenium.remote.RemoteWebDriver.findElementsByCssSelector(RemoteWebDriver.java:454)
	at org.openqa.selenium.By$ByCssSelector.findElements(By.java:441)
	at org.openqa.selenium.remote.RemoteWebDriver.findElements(RemoteWebDriver.java:344)
	at org.openqa.selenium.remote.RemoteWebDriver$RemoteTargetLocator.frame(RemoteWebDriver.java:918)
	at com.webtest.core.WebDriverEngine.enterFrame(WebDriverEngine.java:57)
	at com.framedev.TestOne.four(TestOne.java:73)
... Removed 29 stack frames]]>
    </failure>
  </testcase> <!-- four -->
  <testcase name="five" time="3.053" classname="com.framedev.TestOne">
    <failure type="org.openqa.selenium.WebDriverException" message="TypeError: can&amp;apos;t access dead object
Build info: version: &amp;apos;3.6.0&amp;apos;, revision: &amp;apos;6fbf3ec767&amp;apos;, time: &amp;apos;2017-09-27T16:15:40.131Z&amp;apos;
System info: host: &amp;apos;DESKTOP-P1UBEC0&amp;apos;, ip: &amp;apos;192.168.48.1&amp;apos;, os.name: &amp;apos;Windows 10&amp;apos;, os.arch: &amp;apos;amd64&amp;apos;, os.version: &amp;apos;10.0&amp;apos;, java.version: &amp;apos;1.8.0_121&amp;apos;
Driver info: org.openqa.selenium.firefox.FirefoxDriver
Capabilities [{moz:profile=C:\Users\lenovo\AppData\Local\Temp\rust_mozprofile.tBlACSixQo5W, rotatable=false, timeouts={implicit=0, pageLoad=300000, script=30000}, pageLoadStrategy=normal, platform=XP, specificationLevel=0, moz:accessibilityChecks=false, acceptInsecureCerts=true, browserVersion=55.0.3, platformVersion=10.0, moz:processID=2668, browserName=firefox, javascriptEnabled=true, platformName=XP}]
Session ID: 936fe90c-05c1-4896-9fc2-9143bbf589af
*** Element info: {Using=css selector, value=frame[name=&amp;apos;openinputiframe&amp;apos;],iframe[name=&amp;apos;openinputiframe&amp;apos;]}">
      <![CDATA[org.openqa.selenium.WebDriverException: TypeError: can't access dead object
Build info: version: '3.6.0', revision: '6fbf3ec767', time: '2017-09-27T16:15:40.131Z'
System info: host: 'DESKTOP-P1UBEC0', ip: '192.168.48.1', os.name: 'Windows 10', os.arch: 'amd64', os.version: '10.0', java.version: '1.8.0_121'
Driver info: org.openqa.selenium.firefox.FirefoxDriver
Capabilities [{moz:profile=C:\Users\lenovo\AppData\Local\Temp\rust_mozprofile.tBlACSixQo5W, rotatable=false, timeouts={implicit=0, pageLoad=300000, script=30000}, pageLoadStrategy=normal, platform=XP, specificationLevel=0, moz:accessibilityChecks=false, acceptInsecureCerts=true, browserVersion=55.0.3, platformVersion=10.0, moz:processID=2668, browserName=firefox, javascriptEnabled=true, platformName=XP}]
Session ID: 936fe90c-05c1-4896-9fc2-9143bbf589af
*** Element info: {Using=css selector, value=frame[name='openinputiframe'],iframe[name='openinputiframe']}
	at org.openqa.selenium.remote.http.W3CHttpResponseCodec.createException(W3CHttpResponseCodec.java:185)
	at org.openqa.selenium.remote.http.W3CHttpResponseCodec.decode(W3CHttpResponseCodec.java:120)
	at org.openqa.selenium.remote.http.W3CHttpResponseCodec.decode(W3CHttpResponseCodec.java:49)
	at org.openqa.selenium.remote.HttpCommandExecutor.execute(HttpCommandExecutor.java:164)
	at org.openqa.selenium.remote.service.DriverCommandExecutor.execute(DriverCommandExecutor.java:83)
	at org.openqa.selenium.remote.RemoteWebDriver.execute(RemoteWebDriver.java:586)
	at org.openqa.selenium.remote.RemoteWebDriver.findElements(RemoteWebDriver.java:383)
	at org.openqa.selenium.remote.RemoteWebDriver.findElementsByCssSelector(RemoteWebDriver.java:454)
	at org.openqa.selenium.By$ByCssSelector.findElements(By.java:441)
	at org.openqa.selenium.remote.RemoteWebDriver.findElements(RemoteWebDriver.java:344)
	at org.openqa.selenium.remote.RemoteWebDriver$RemoteTargetLocator.frame(RemoteWebDriver.java:918)
	at com.webtest.core.WebDriverEngine.enterFrame(WebDriverEngine.java:57)
	at com.framedev.TestOne.five(TestOne.java:89)
... Removed 29 stack frames]]>
    </failure>
  </testcase> <!-- five -->
</testsuite> <!-- Nopackage -->
