<html xmlns:math="http://exslt.org/math" xmlns:testng="http://testng.org">
   <head>
      <title>TestNG Results</title>
      <meta http-equiv="content-type" content="text/html; charset=utf-8"></meta>
      <meta http-equiv="pragma" content="no-cache"></meta>
      <meta http-equiv="cache-control" content="max-age=0"></meta>
      <meta http-equiv="cache-control" content="no-cache"></meta>
      <meta http-equiv="cache-control" content="no-store"></meta>
      <LINK rel="stylesheet" href="style.css"></LINK>
      <script type="text/javascript" src="main.js"></script>
   </head>
   <body>
      <table width="100%" style="font-size: 16px; margin-bottom: 10px;" cellspacing="1">
         <tr>
            <td width="100%">
               All methods in suite
               
               <b>Suite1</b>
            </td>
            <td style="background-color: #FFBBBB; padding: 3px 3px 3px 0;" align="center">
               <div style="width: 50px;">4</div>
            </td>
            <td style="background-color: lightgreen; padding: 3px 3px 3px 0;" align="center">
               <div style="width: 50px;">1</div>
            </td>
            <td style="background-color: #FFFFBB; padding: 3px 3px 3px 0;" align="center">
               <div style="width: 50px;">0</div>
            </td>
            <td align="center" style="background-color: #eaf0f7; padding: 3px 3px 3px 0;">
               <div style="width: 50px;">5</div>
            </td>
            <td align="center"
                style="font-weight: bold; background-color: #eaf0f7; padding: 3px 3px 3px 0;">
               <div style="width: 50px;">20%</div>
            </td>
         </tr>
      </table>
      <div style="width: 200px;">
         <label for="groupMethodsCheckBox" style="font-weight: bold; margin: 0;">
            <input id="groupMethodsCheckBox" type="checkbox" onclick="switchTestMethodsView(this)"></input>
            Group by class
            
         </label>
         <br></br>
         <label for="methodsFilter_ALL" style="font-weight: bold; margin: 0;">
            <input id="methodsFilter_ALL" type="checkbox"
                   onclick="testMethodsFilterChanged(this, 'ALL')"></input>
            All
            
         </label>
      </div>
      <label for="methodsFilter_FAIL" style="margin-left: 20px;">
         <input id="methodsFilter_FAIL" type="checkbox"
                onclick="testMethodsFilterChanged(this, 'FAIL')"
                checked=""></input>
         Failed
         
      </label>
      <label for="methodsFilter_PASS">
         <input id="methodsFilter_PASS" type="checkbox"
                onclick="testMethodsFilterChanged(this, 'PASS')"
                checked=""></input>
         Passed
         
      </label>
      <label for="methodsFilter_SKIP">
         <input id="methodsFilter_SKIP" type="checkbox"
                onclick="testMethodsFilterChanged(this, 'SKIP')"
                checked=""></input>
         Skipped
         
      </label>
      <label for="methodsFilter_CONF">
         <input id="methodsFilter_CONF" type="checkbox"
                onclick="testMethodsFilterChanged(this, 'CONF')"></input>
         Config
         
      </label>
      <br></br>
      <div id="testMethodsByStatus">
         <table class="testMethodsTable" cellpadding="0" cellspacing="0">
            <tr class="methodsTableHeader">
               <td width="100%">Name</td>
               <td nowrap="true">Started</td>
               <td nowrap="true">Duration</td>
               <td>Exception</td>
            </tr>
            <tr id="com.testCases.TitleTest_two_byStatus_failed_FAIL1_row"
                class="testMethodStatusFAIL">
               <td width="100%" class="firstMethodCell">
                  <a onclick="toggleDetailsVisibility('com.testCases.TitleTest_two_byStatus_failed_FAIL1_details')">two()</a>
               </td>
               <td nowrap="true">10:25:10</td>
               <td nowrap="true" align="right">5s
                  
               </td>
               <td nowrap="true">
                  <a onclick="toggleDetailsVisibility('com.testCases.TitleTest_two_byStatus_failed_FAIL1_exception')">org.openqa.selenium.WebDriverException: 
                     TypeError: can't access dead object
                     Build info: version: '3.6.0', revision: '6fbf3ec767', time: '2017-09-27T16:15:40.131Z'
                     System info: host: 'DESKTOP-P1UBEC0', ip: '192.168.48.1', os.name: 'Windows 10', os.arch: 'amd64', os.version: '10.0', java.version:
                     '1.8.0_121'
                     Driver info: org.openqa.selenium.firefox.FirefoxDriver
                     Capabilities [{moz:profile=C:\Users\lenovo\AppData\Local\Temp\rust_mozprofile.V4BHHheFTc3B, rotatable=false, timeouts={implicit=0,
                     pageLoad=300000, script=30000}, pageLoadStrategy=normal, platform=XP, specificationLevel=0, moz:accessibilityChecks=false,
                     acceptInsecureCerts=true, browserVersion=55.0.3, platformVersion=10.0, moz:processID=9620, browserName=firefox, javascriptEnabled=true,
                     platformName=XP}]
                     Session ID: 68a84da5-0aee-4c58-afd2-989e3772f86f
                     
                  </a>
                   
                  
               </td>
            </tr>
            <tr>
               <td colspan="4" class="detailsBox">
                  <div id="com.testCases.TitleTest_two_byStatus_failed_FAIL1_details"
                       class="testMethodDetails">
                     <div>
                        <b>Name: </b>two
                     </div>
                     <div>
                        <b>Signature: </b>two()[pri:2, instance:com.testCases.TitleTest@326de728]
                     </div>
                     <div>
                        <b>Start time: </b>10:25:10
                     </div>
                     <div>
                        <b>End time: </b>10:25:15
                     </div>
                     <div>
                        <b>Duration: </b>5s
                        
                     </div>
                  </div>
               </td>
            </tr>
            <tr>
               <td colspan="4" class="detailsBox">
                  <div id="com.testCases.TitleTest_two_byStatus_failed_FAIL1_exception"
                       class="testMethodDetails">
                     <pre style="padding: 5px; margin: 0;">org.openqa.selenium.WebDriverException: TypeError: can't access dead object
                        Build info: version: '3.6.0', revision: '6fbf3ec767', time: '2017-09-27T16:15:40.131Z'
                        System info: host: 'DESKTOP-P1UBEC0', ip: '192.168.48.1', os.name: 'Windows 10', os.arch: 'amd64', os.version: '10.0', java.version:
                        '1.8.0_121'
                        Driver info: org.openqa.selenium.firefox.FirefoxDriver
                        Capabilities [{moz:profile=C:\Users\lenovo\AppData\Local\Temp\rust_mozprofile.V4BHHheFTc3B, rotatable=false, timeouts={implicit=0,
                        pageLoad=300000, script=30000}, pageLoadStrategy=normal, platform=XP, specificationLevel=0, moz:accessibilityChecks=false,
                        acceptInsecureCerts=true, browserVersion=55.0.3, platformVersion=10.0, moz:processID=9620, browserName=firefox, javascriptEnabled=true,
                        platformName=XP}]
                        Session ID: 68a84da5-0aee-4c58-afd2-989e3772f86f
                        	at sun.reflect.NativeConstructorAccessorImpl.newInstance0(Native Method)
                        	at sun.reflect.NativeConstructorAccessorImpl.newInstance(Unknown Source)
                        	at sun.reflect.DelegatingConstructorAccessorImpl.newInstance(Unknown Source)
                        	at java.lang.reflect.Constructor.newInstance(Unknown Source)
                        	at org.openqa.selenium.remote.http.W3CHttpResponseCodec.createException(W3CHttpResponseCodec.java:185)
                        	at org.openqa.selenium.remote.http.W3CHttpResponseCodec.decode(W3CHttpResponseCodec.java:120)
                        	at org.openqa.selenium.remote.http.W3CHttpResponseCodec.decode(W3CHttpResponseCodec.java:49)
                        	at org.openqa.selenium.remote.HttpCommandExecutor.execute(HttpCommandExecutor.java:164)
                        	at org.openqa.selenium.remote.service.DriverCommandExecutor.execute(DriverCommandExecutor.java:83)
                        	at org.openqa.selenium.remote.RemoteWebDriver.execute(RemoteWebDriver.java:586)
                        	at org.openqa.selenium.remote.RemoteWebDriver.execute(RemoteWebDriver.java:643)
                        	at org.openqa.selenium.remote.RemoteWebDriver.getPageSource(RemoteWebDriver.java:468)
                        	at com.webtest.core.WebDriverEngine.getHtmlSource(Unknown Source)
                        	at com.testCases.TitleTest.two(Unknown Source)
                        	at sun.reflect.NativeMethodAccessorImpl.invoke0(Native Method)
                        	at sun.reflect.NativeMethodAccessorImpl.invoke(Unknown Source)
                        	at sun.reflect.DelegatingMethodAccessorImpl.invoke(Unknown Source)
                        	at java.lang.reflect.Method.invoke(Unknown Source)
                        	at org.testng.internal.MethodInvocationHelper.invokeMethod(MethodInvocationHelper.java:108)
                        	at org.testng.internal.Invoker.invokeMethod(Invoker.java:669)
                        	at org.testng.internal.Invoker.invokeTestMethod(Invoker.java:877)
                        	at org.testng.internal.Invoker.invokeTestMethods(Invoker.java:1201)
                        	at org.testng.internal.TestMethodWorker.invokeTestMethods(TestMethodWorker.java:125)
                        	at org.testng.internal.TestMethodWorker.run(TestMethodWorker.java:109)
                        	at org.testng.TestRunner.privateRun(TestRunner.java:776)
                        	at org.testng.TestRunner.run(TestRunner.java:634)
                        	at org.testng.SuiteRunner.runTest(SuiteRunner.java:425)
                        	at org.testng.SuiteRunner.runSequentially(SuiteRunner.java:420)
                        	at org.testng.SuiteRunner.privateRun(SuiteRunner.java:385)
                        	at org.testng.SuiteRunner.run(SuiteRunner.java:334)
                        	at org.testng.SuiteRunnerWorker.runSuite(SuiteRunnerWorker.java:52)
                        	at org.testng.SuiteRunnerWorker.run(SuiteRunnerWorker.java:86)
                        	at org.testng.TestNG.runSuitesSequentially(TestNG.java:1318)
                        	at org.testng.TestNG.runSuitesLocally(TestNG.java:1243)
                        	at org.testng.TestNG.runSuites(TestNG.java:1161)
                        	at org.testng.TestNG.run(TestNG.java:1129)
                        	at org.testng.TestNG.privateMain(TestNG.java:1459)
                        	at org.testng.TestNG.main(TestNG.java:1428)
                     </pre>
                  </div>
               </td>
            </tr>
            <tr id="com.testCases.TitleTest_three_byStatus_failed_FAIL2_row"
                class="testMethodStatusFAIL">
               <td width="100%" class="firstMethodCell">
                  <a onclick="toggleDetailsVisibility('com.testCases.TitleTest_three_byStatus_failed_FAIL2_details')">three()</a>
               </td>
               <td nowrap="true">10:25:15</td>
               <td nowrap="true" align="right">3s
                  
               </td>
               <td nowrap="true">
                  <a onclick="toggleDetailsVisibility('com.testCases.TitleTest_three_byStatus_failed_FAIL2_exception')">org.openqa.selenium.WebDriverException: 
                     TypeError: can't access dead object
                     Build info: version: '3.6.0', revision: '6fbf3ec767', time: '2017-09-27T16:15:40.131Z'
                     System info: host: 'DESKTOP-P1UBEC0', ip: '192.168.48.1', os.name: 'Windows 10', os.arch: 'amd64', os.version: '10.0', java.version:
                     '1.8.0_121'
                     Driver info: org.openqa.selenium.firefox.FirefoxDriver
                     Capabilities [{moz:profile=C:\Users\lenovo\AppData\Local\Temp\rust_mozprofile.V4BHHheFTc3B, rotatable=false, timeouts={implicit=0,
                     pageLoad=300000, script=30000}, pageLoadStrategy=normal, platform=XP, specificationLevel=0, moz:accessibilityChecks=false,
                     acceptInsecureCerts=true, browserVersion=55.0.3, platformVersion=10.0, moz:processID=9620, browserName=firefox, javascriptEnabled=true,
                     platformName=XP}]
                     Session ID: 68a84da5-0aee-4c58-afd2-989e3772f86f
                     *** Element info: {Using=css selector, value=frame[name='openinputiframe'],iframe[name='openinputiframe']}
                     
                  </a>
                   
                  
               </td>
            </tr>
            <tr>
               <td colspan="4" class="detailsBox">
                  <div id="com.testCases.TitleTest_three_byStatus_failed_FAIL2_details"
                       class="testMethodDetails">
                     <div>
                        <b>Name: </b>three
                     </div>
                     <div>
                        <b>Signature: </b>three()[pri:3, instance:com.testCases.TitleTest@326de728]
                     </div>
                     <div>
                        <b>Start time: </b>10:25:15
                     </div>
                     <div>
                        <b>End time: </b>10:25:18
                     </div>
                     <div>
                        <b>Duration: </b>3s
                        
                     </div>
                  </div>
               </td>
            </tr>
            <tr>
               <td colspan="4" class="detailsBox">
                  <div id="com.testCases.TitleTest_three_byStatus_failed_FAIL2_exception"
                       class="testMethodDetails">
                     <pre style="padding: 5px; margin: 0;">org.openqa.selenium.WebDriverException: TypeError: can't access dead object
                        Build info: version: '3.6.0', revision: '6fbf3ec767', time: '2017-09-27T16:15:40.131Z'
                        System info: host: 'DESKTOP-P1UBEC0', ip: '192.168.48.1', os.name: 'Windows 10', os.arch: 'amd64', os.version: '10.0', java.version:
                        '1.8.0_121'
                        Driver info: org.openqa.selenium.firefox.FirefoxDriver
                        Capabilities [{moz:profile=C:\Users\lenovo\AppData\Local\Temp\rust_mozprofile.V4BHHheFTc3B, rotatable=false, timeouts={implicit=0,
                        pageLoad=300000, script=30000}, pageLoadStrategy=normal, platform=XP, specificationLevel=0, moz:accessibilityChecks=false,
                        acceptInsecureCerts=true, browserVersion=55.0.3, platformVersion=10.0, moz:processID=9620, browserName=firefox, javascriptEnabled=true,
                        platformName=XP}]
                        Session ID: 68a84da5-0aee-4c58-afd2-989e3772f86f
                        *** Element info: {Using=css selector, value=frame[name='openinputiframe'],iframe[name='openinputiframe']}
                        	at sun.reflect.NativeConstructorAccessorImpl.newInstance0(Native Method)
                        	at sun.reflect.NativeConstructorAccessorImpl.newInstance(Unknown Source)
                        	at sun.reflect.DelegatingConstructorAccessorImpl.newInstance(Unknown Source)
                        	at java.lang.reflect.Constructor.newInstance(Unknown Source)
                        	at org.openqa.selenium.remote.http.W3CHttpResponseCodec.createException(W3CHttpResponseCodec.java:185)
                        	at org.openqa.selenium.remote.http.W3CHttpResponseCodec.decode(W3CHttpResponseCodec.java:120)
                        	at org.openqa.selenium.remote.http.W3CHttpResponseCodec.decode(W3CHttpResponseCodec.java:49)
                        	at org.openqa.selenium.remote.HttpCommandExecutor.execute(HttpCommandExecutor.java:164)
                        	at org.openqa.selenium.remote.service.DriverCommandExecutor.execute(DriverCommandExecutor.java:83)
                        	at org.openqa.selenium.remote.RemoteWebDriver.execute(RemoteWebDriver.java:586)
                        	at org.openqa.selenium.remote.RemoteWebDriver.findElements(RemoteWebDriver.java:383)
                        	at org.openqa.selenium.remote.RemoteWebDriver.findElementsByCssSelector(RemoteWebDriver.java:454)
                        	at org.openqa.selenium.By$ByCssSelector.findElements(By.java:441)
                        	at org.openqa.selenium.remote.RemoteWebDriver.findElements(RemoteWebDriver.java:344)
                        	at org.openqa.selenium.remote.RemoteWebDriver$RemoteTargetLocator.frame(RemoteWebDriver.java:918)
                        	at com.webtest.core.WebDriverEngine.enterFrame(Unknown Source)
                        	at com.testCases.TitleTest.three(Unknown Source)
                        	at sun.reflect.NativeMethodAccessorImpl.invoke0(Native Method)
                        	at sun.reflect.NativeMethodAccessorImpl.invoke(Unknown Source)
                        	at sun.reflect.DelegatingMethodAccessorImpl.invoke(Unknown Source)
                        	at java.lang.reflect.Method.invoke(Unknown Source)
                        	at org.testng.internal.MethodInvocationHelper.invokeMethod(MethodInvocationHelper.java:108)
                        	at org.testng.internal.Invoker.invokeMethod(Invoker.java:669)
                        	at org.testng.internal.Invoker.invokeTestMethod(Invoker.java:877)
                        	at org.testng.internal.Invoker.invokeTestMethods(Invoker.java:1201)
                        	at org.testng.internal.TestMethodWorker.invokeTestMethods(TestMethodWorker.java:125)
                        	at org.testng.internal.TestMethodWorker.run(TestMethodWorker.java:109)
                        	at org.testng.TestRunner.privateRun(TestRunner.java:776)
                        	at org.testng.TestRunner.run(TestRunner.java:634)
                        	at org.testng.SuiteRunner.runTest(SuiteRunner.java:425)
                        	at org.testng.SuiteRunner.runSequentially(SuiteRunner.java:420)
                        	at org.testng.SuiteRunner.privateRun(SuiteRunner.java:385)
                        	at org.testng.SuiteRunner.run(SuiteRunner.java:334)
                        	at org.testng.SuiteRunnerWorker.runSuite(SuiteRunnerWorker.java:52)
                        	at org.testng.SuiteRunnerWorker.run(SuiteRunnerWorker.java:86)
                        	at org.testng.TestNG.runSuitesSequentially(TestNG.java:1318)
                        	at org.testng.TestNG.runSuitesLocally(TestNG.java:1243)
                        	at org.testng.TestNG.runSuites(TestNG.java:1161)
                        	at org.testng.TestNG.run(TestNG.java:1129)
                        	at org.testng.TestNG.privateMain(TestNG.java:1459)
                        	at org.testng.TestNG.main(TestNG.java:1428)
                     </pre>
                  </div>
               </td>
            </tr>
            <tr id="com.testCases.TitleTest_four_byStatus_failed_FAIL3_row"
                class="testMethodStatusFAIL">
               <td width="100%" class="firstMethodCell">
                  <a onclick="toggleDetailsVisibility('com.testCases.TitleTest_four_byStatus_failed_FAIL3_details')">four()</a>
               </td>
               <td nowrap="true">10:25:18</td>
               <td nowrap="true" align="right">3s
                  
               </td>
               <td nowrap="true">
                  <a onclick="toggleDetailsVisibility('com.testCases.TitleTest_four_byStatus_failed_FAIL3_exception')">org.openqa.selenium.WebDriverException: 
                     TypeError: can't access dead object
                     Build info: version: '3.6.0', revision: '6fbf3ec767', time: '2017-09-27T16:15:40.131Z'
                     System info: host: 'DESKTOP-P1UBEC0', ip: '192.168.48.1', os.name: 'Windows 10', os.arch: 'amd64', os.version: '10.0', java.version:
                     '1.8.0_121'
                     Driver info: org.openqa.selenium.firefox.FirefoxDriver
                     Capabilities [{moz:profile=C:\Users\lenovo\AppData\Local\Temp\rust_mozprofile.V4BHHheFTc3B, rotatable=false, timeouts={implicit=0,
                     pageLoad=300000, script=30000}, pageLoadStrategy=normal, platform=XP, specificationLevel=0, moz:accessibilityChecks=false,
                     acceptInsecureCerts=true, browserVersion=55.0.3, platformVersion=10.0, moz:processID=9620, browserName=firefox, javascriptEnabled=true,
                     platformName=XP}]
                     Session ID: 68a84da5-0aee-4c58-afd2-989e3772f86f
                     *** Element info: {Using=css selector, value=frame[name='openinputiframe'],iframe[name='openinputiframe']}
                     
                  </a>
                   
                  
               </td>
            </tr>
            <tr>
               <td colspan="4" class="detailsBox">
                  <div id="com.testCases.TitleTest_four_byStatus_failed_FAIL3_details"
                       class="testMethodDetails">
                     <div>
                        <b>Name: </b>four
                     </div>
                     <div>
                        <b>Signature: </b>four()[pri:4, instance:com.testCases.TitleTest@326de728]
                     </div>
                     <div>
                        <b>Start time: </b>10:25:18
                     </div>
                     <div>
                        <b>End time: </b>10:25:21
                     </div>
                     <div>
                        <b>Duration: </b>3s
                        
                     </div>
                  </div>
               </td>
            </tr>
            <tr>
               <td colspan="4" class="detailsBox">
                  <div id="com.testCases.TitleTest_four_byStatus_failed_FAIL3_exception"
                       class="testMethodDetails">
                     <pre style="padding: 5px; margin: 0;">org.openqa.selenium.WebDriverException: TypeError: can't access dead object
                        Build info: version: '3.6.0', revision: '6fbf3ec767', time: '2017-09-27T16:15:40.131Z'
                        System info: host: 'DESKTOP-P1UBEC0', ip: '192.168.48.1', os.name: 'Windows 10', os.arch: 'amd64', os.version: '10.0', java.version:
                        '1.8.0_121'
                        Driver info: org.openqa.selenium.firefox.FirefoxDriver
                        Capabilities [{moz:profile=C:\Users\lenovo\AppData\Local\Temp\rust_mozprofile.V4BHHheFTc3B, rotatable=false, timeouts={implicit=0,
                        pageLoad=300000, script=30000}, pageLoadStrategy=normal, platform=XP, specificationLevel=0, moz:accessibilityChecks=false,
                        acceptInsecureCerts=true, browserVersion=55.0.3, platformVersion=10.0, moz:processID=9620, browserName=firefox, javascriptEnabled=true,
                        platformName=XP}]
                        Session ID: 68a84da5-0aee-4c58-afd2-989e3772f86f
                        *** Element info: {Using=css selector, value=frame[name='openinputiframe'],iframe[name='openinputiframe']}
                        	at sun.reflect.NativeConstructorAccessorImpl.newInstance0(Native Method)
                        	at sun.reflect.NativeConstructorAccessorImpl.newInstance(Unknown Source)
                        	at sun.reflect.DelegatingConstructorAccessorImpl.newInstance(Unknown Source)
                        	at java.lang.reflect.Constructor.newInstance(Unknown Source)
                        	at org.openqa.selenium.remote.http.W3CHttpResponseCodec.createException(W3CHttpResponseCodec.java:185)
                        	at org.openqa.selenium.remote.http.W3CHttpResponseCodec.decode(W3CHttpResponseCodec.java:120)
                        	at org.openqa.selenium.remote.http.W3CHttpResponseCodec.decode(W3CHttpResponseCodec.java:49)
                        	at org.openqa.selenium.remote.HttpCommandExecutor.execute(HttpCommandExecutor.java:164)
                        	at org.openqa.selenium.remote.service.DriverCommandExecutor.execute(DriverCommandExecutor.java:83)
                        	at org.openqa.selenium.remote.RemoteWebDriver.execute(RemoteWebDriver.java:586)
                        	at org.openqa.selenium.remote.RemoteWebDriver.findElements(RemoteWebDriver.java:383)
                        	at org.openqa.selenium.remote.RemoteWebDriver.findElementsByCssSelector(RemoteWebDriver.java:454)
                        	at org.openqa.selenium.By$ByCssSelector.findElements(By.java:441)
                        	at org.openqa.selenium.remote.RemoteWebDriver.findElements(RemoteWebDriver.java:344)
                        	at org.openqa.selenium.remote.RemoteWebDriver$RemoteTargetLocator.frame(RemoteWebDriver.java:918)
                        	at com.webtest.core.WebDriverEngine.enterFrame(Unknown Source)
                        	at com.testCases.TitleTest.four(Unknown Source)
                        	at sun.reflect.NativeMethodAccessorImpl.invoke0(Native Method)
                        	at sun.reflect.NativeMethodAccessorImpl.invoke(Unknown Source)
                        	at sun.reflect.DelegatingMethodAccessorImpl.invoke(Unknown Source)
                        	at java.lang.reflect.Method.invoke(Unknown Source)
                        	at org.testng.internal.MethodInvocationHelper.invokeMethod(MethodInvocationHelper.java:108)
                        	at org.testng.internal.Invoker.invokeMethod(Invoker.java:669)
                        	at org.testng.internal.Invoker.invokeTestMethod(Invoker.java:877)
                        	at org.testng.internal.Invoker.invokeTestMethods(Invoker.java:1201)
                        	at org.testng.internal.TestMethodWorker.invokeTestMethods(TestMethodWorker.java:125)
                        	at org.testng.internal.TestMethodWorker.run(TestMethodWorker.java:109)
                        	at org.testng.TestRunner.privateRun(TestRunner.java:776)
                        	at org.testng.TestRunner.run(TestRunner.java:634)
                        	at org.testng.SuiteRunner.runTest(SuiteRunner.java:425)
                        	at org.testng.SuiteRunner.runSequentially(SuiteRunner.java:420)
                        	at org.testng.SuiteRunner.privateRun(SuiteRunner.java:385)
                        	at org.testng.SuiteRunner.run(SuiteRunner.java:334)
                        	at org.testng.SuiteRunnerWorker.runSuite(SuiteRunnerWorker.java:52)
                        	at org.testng.SuiteRunnerWorker.run(SuiteRunnerWorker.java:86)
                        	at org.testng.TestNG.runSuitesSequentially(TestNG.java:1318)
                        	at org.testng.TestNG.runSuitesLocally(TestNG.java:1243)
                        	at org.testng.TestNG.runSuites(TestNG.java:1161)
                        	at org.testng.TestNG.run(TestNG.java:1129)
                        	at org.testng.TestNG.privateMain(TestNG.java:1459)
                        	at org.testng.TestNG.main(TestNG.java:1428)
                     </pre>
                  </div>
               </td>
            </tr>
            <tr id="com.testCases.TitleTest_five_byStatus_failed_FAIL4_row"
                class="testMethodStatusFAIL">
               <td width="100%" class="firstMethodCell">
                  <a onclick="toggleDetailsVisibility('com.testCases.TitleTest_five_byStatus_failed_FAIL4_details')">five()</a>
               </td>
               <td nowrap="true">10:25:21</td>
               <td nowrap="true" align="right">3s
                  
               </td>
               <td nowrap="true">
                  <a onclick="toggleDetailsVisibility('com.testCases.TitleTest_five_byStatus_failed_FAIL4_exception')">org.openqa.selenium.WebDriverException: 
                     TypeError: can't access dead object
                     Build info: version: '3.6.0', revision: '6fbf3ec767', time: '2017-09-27T16:15:40.131Z'
                     System info: host: 'DESKTOP-P1UBEC0', ip: '192.168.48.1', os.name: 'Windows 10', os.arch: 'amd64', os.version: '10.0', java.version:
                     '1.8.0_121'
                     Driver info: org.openqa.selenium.firefox.FirefoxDriver
                     Capabilities [{moz:profile=C:\Users\lenovo\AppData\Local\Temp\rust_mozprofile.V4BHHheFTc3B, rotatable=false, timeouts={implicit=0,
                     pageLoad=300000, script=30000}, pageLoadStrategy=normal, platform=XP, specificationLevel=0, moz:accessibilityChecks=false,
                     acceptInsecureCerts=true, browserVersion=55.0.3, platformVersion=10.0, moz:processID=9620, browserName=firefox, javascriptEnabled=true,
                     platformName=XP}]
                     Session ID: 68a84da5-0aee-4c58-afd2-989e3772f86f
                     *** Element info: {Using=css selector, value=frame[name='openinputiframe'],iframe[name='openinputiframe']}
                     
                  </a>
                   
                  
               </td>
            </tr>
            <tr>
               <td colspan="4" class="detailsBox">
                  <div id="com.testCases.TitleTest_five_byStatus_failed_FAIL4_details"
                       class="testMethodDetails">
                     <div>
                        <b>Name: </b>five
                     </div>
                     <div>
                        <b>Signature: </b>five()[pri:5, instance:com.testCases.TitleTest@326de728]
                     </div>
                     <div>
                        <b>Start time: </b>10:25:21
                     </div>
                     <div>
                        <b>End time: </b>10:25:25
                     </div>
                     <div>
                        <b>Duration: </b>3s
                        
                     </div>
                  </div>
               </td>
            </tr>
            <tr>
               <td colspan="4" class="detailsBox">
                  <div id="com.testCases.TitleTest_five_byStatus_failed_FAIL4_exception"
                       class="testMethodDetails">
                     <pre style="padding: 5px; margin: 0;">org.openqa.selenium.WebDriverException: TypeError: can't access dead object
                        Build info: version: '3.6.0', revision: '6fbf3ec767', time: '2017-09-27T16:15:40.131Z'
                        System info: host: 'DESKTOP-P1UBEC0', ip: '192.168.48.1', os.name: 'Windows 10', os.arch: 'amd64', os.version: '10.0', java.version:
                        '1.8.0_121'
                        Driver info: org.openqa.selenium.firefox.FirefoxDriver
                        Capabilities [{moz:profile=C:\Users\lenovo\AppData\Local\Temp\rust_mozprofile.V4BHHheFTc3B, rotatable=false, timeouts={implicit=0,
                        pageLoad=300000, script=30000}, pageLoadStrategy=normal, platform=XP, specificationLevel=0, moz:accessibilityChecks=false,
                        acceptInsecureCerts=true, browserVersion=55.0.3, platformVersion=10.0, moz:processID=9620, browserName=firefox, javascriptEnabled=true,
                        platformName=XP}]
                        Session ID: 68a84da5-0aee-4c58-afd2-989e3772f86f
                        *** Element info: {Using=css selector, value=frame[name='openinputiframe'],iframe[name='openinputiframe']}
                        	at sun.reflect.NativeConstructorAccessorImpl.newInstance0(Native Method)
                        	at sun.reflect.NativeConstructorAccessorImpl.newInstance(Unknown Source)
                        	at sun.reflect.DelegatingConstructorAccessorImpl.newInstance(Unknown Source)
                        	at java.lang.reflect.Constructor.newInstance(Unknown Source)
                        	at org.openqa.selenium.remote.http.W3CHttpResponseCodec.createException(W3CHttpResponseCodec.java:185)
                        	at org.openqa.selenium.remote.http.W3CHttpResponseCodec.decode(W3CHttpResponseCodec.java:120)
                        	at org.openqa.selenium.remote.http.W3CHttpResponseCodec.decode(W3CHttpResponseCodec.java:49)
                        	at org.openqa.selenium.remote.HttpCommandExecutor.execute(HttpCommandExecutor.java:164)
                        	at org.openqa.selenium.remote.service.DriverCommandExecutor.execute(DriverCommandExecutor.java:83)
                        	at org.openqa.selenium.remote.RemoteWebDriver.execute(RemoteWebDriver.java:586)
                        	at org.openqa.selenium.remote.RemoteWebDriver.findElements(RemoteWebDriver.java:383)
                        	at org.openqa.selenium.remote.RemoteWebDriver.findElementsByCssSelector(RemoteWebDriver.java:454)
                        	at org.openqa.selenium.By$ByCssSelector.findElements(By.java:441)
                        	at org.openqa.selenium.remote.RemoteWebDriver.findElements(RemoteWebDriver.java:344)
                        	at org.openqa.selenium.remote.RemoteWebDriver$RemoteTargetLocator.frame(RemoteWebDriver.java:918)
                        	at com.webtest.core.WebDriverEngine.enterFrame(Unknown Source)
                        	at com.testCases.TitleTest.five(Unknown Source)
                        	at sun.reflect.NativeMethodAccessorImpl.invoke0(Native Method)
                        	at sun.reflect.NativeMethodAccessorImpl.invoke(Unknown Source)
                        	at sun.reflect.DelegatingMethodAccessorImpl.invoke(Unknown Source)
                        	at java.lang.reflect.Method.invoke(Unknown Source)
                        	at org.testng.internal.MethodInvocationHelper.invokeMethod(MethodInvocationHelper.java:108)
                        	at org.testng.internal.Invoker.invokeMethod(Invoker.java:669)
                        	at org.testng.internal.Invoker.invokeTestMethod(Invoker.java:877)
                        	at org.testng.internal.Invoker.invokeTestMethods(Invoker.java:1201)
                        	at org.testng.internal.TestMethodWorker.invokeTestMethods(TestMethodWorker.java:125)
                        	at org.testng.internal.TestMethodWorker.run(TestMethodWorker.java:109)
                        	at org.testng.TestRunner.privateRun(TestRunner.java:776)
                        	at org.testng.TestRunner.run(TestRunner.java:634)
                        	at org.testng.SuiteRunner.runTest(SuiteRunner.java:425)
                        	at org.testng.SuiteRunner.runSequentially(SuiteRunner.java:420)
                        	at org.testng.SuiteRunner.privateRun(SuiteRunner.java:385)
                        	at org.testng.SuiteRunner.run(SuiteRunner.java:334)
                        	at org.testng.SuiteRunnerWorker.runSuite(SuiteRunnerWorker.java:52)
                        	at org.testng.SuiteRunnerWorker.run(SuiteRunnerWorker.java:86)
                        	at org.testng.TestNG.runSuitesSequentially(TestNG.java:1318)
                        	at org.testng.TestNG.runSuitesLocally(TestNG.java:1243)
                        	at org.testng.TestNG.runSuites(TestNG.java:1161)
                        	at org.testng.TestNG.run(TestNG.java:1129)
                        	at org.testng.TestNG.privateMain(TestNG.java:1459)
                        	at org.testng.TestNG.main(TestNG.java:1428)
                     </pre>
                  </div>
               </td>
            </tr>
            <tr id="com.testCases.TitleTest_doBeforeMethod_byStatus_passed_PASS1_row"
                class="testMethodStatusPASS testMethodStatusCONF">
               <td width="100%" class="firstMethodCell">
                  <a onclick="toggleDetailsVisibility('com.testCases.TitleTest_doBeforeMethod_byStatus_passed_PASS1_details')">doBeforeMethod()</a>
               </td>
               <td nowrap="true">10:24:42</td>
               <td nowrap="true" align="right">5s
                  
               </td>
               <td nowrap="true">
                   
                  
               </td>
            </tr>
            <tr>
               <td colspan="4" class="detailsBox">
                  <div id="com.testCases.TitleTest_doBeforeMethod_byStatus_passed_PASS1_details"
                       class="testMethodDetails">
                     <div>
                        <b>Name: </b>doBeforeMethod
                     </div>
                     <div>
                        <b>Signature: </b>doBeforeMethod()[pri:0, instance:com.testCases.TitleTest@326de728]
                     </div>
                     <div>
                        <b>Start time: </b>10:24:42
                     </div>
                     <div>
                        <b>End time: </b>10:24:48
                     </div>
                     <div>
                        <b>Duration: </b>5s
                        
                     </div>
                  </div>
               </td>
            </tr>
            <tr></tr>
            <tr id="com.testCases.TitleTest_one_byStatus_passed_PASS2_row"
                class="testMethodStatusPASS">
               <td width="100%" class="firstMethodCell">
                  <a onclick="toggleDetailsVisibility('com.testCases.TitleTest_one_byStatus_passed_PASS2_details')">one()</a>
               </td>
               <td nowrap="true">10:24:48</td>
               <td nowrap="true" align="right">22s
                  
               </td>
               <td nowrap="true">
                   
                  
               </td>
            </tr>
            <tr>
               <td colspan="4" class="detailsBox">
                  <div id="com.testCases.TitleTest_one_byStatus_passed_PASS2_details"
                       class="testMethodDetails">
                     <div>
                        <b>Name: </b>one
                     </div>
                     <div>
                        <b>Signature: </b>one()[pri:1, instance:com.testCases.TitleTest@326de728]
                     </div>
                     <div>
                        <b>Start time: </b>10:24:48
                     </div>
                     <div>
                        <b>End time: </b>10:25:10
                     </div>
                     <div>
                        <b>Duration: </b>22s
                        
                     </div>
                  </div>
               </td>
            </tr>
            <tr></tr>
            <tr id="com.testCases.TitleTest_doAfterMethod_byStatus_passed_PASS3_row"
                class="testMethodStatusPASS testMethodStatusCONF">
               <td width="100%" class="firstMethodCell">
                  <a onclick="toggleDetailsVisibility('com.testCases.TitleTest_doAfterMethod_byStatus_passed_PASS3_details')">doAfterMethod()</a>
               </td>
               <td nowrap="true">10:25:25</td>
               <td nowrap="true" align="right">3s
                  
               </td>
               <td nowrap="true">
                   
                  
               </td>
            </tr>
            <tr>
               <td colspan="4" class="detailsBox">
                  <div id="com.testCases.TitleTest_doAfterMethod_byStatus_passed_PASS3_details"
                       class="testMethodDetails">
                     <div>
                        <b>Name: </b>doAfterMethod
                     </div>
                     <div>
                        <b>Signature: </b>doAfterMethod()[pri:0, instance:com.testCases.TitleTest@326de728]
                     </div>
                     <div>
                        <b>Start time: </b>10:25:25
                     </div>
                     <div>
                        <b>End time: </b>10:25:28
                     </div>
                     <div>
                        <b>Duration: </b>3s
                        
                     </div>
                  </div>
               </td>
            </tr>
            <tr></tr>
         </table>
      </div>
      <div id="testMethodsByClass" style="display: none;">
         <table class="testMethodsTable" cellpadding="0" cellspacing="0">
            <tr>
               <td colspan="4">
                  <h3 style="display: inline;">com.testCases.TitleTest</h3>
               </td>
            </tr>
            <tr class="methodsTableHeader">
               <td width="100%">Name</td>
               <td nowrap="true">Started</td>
               <td nowrap="true">Duration</td>
               <td>Exception</td>
            </tr>
            <tr id="com.testCases.TitleTest_doBeforeMethod_byClass_PASS1_row"
                class="testMethodStatusPASS testMethodStatusCONF">
               <td width="100%" class="firstMethodCell">
                  <a onclick="toggleDetailsVisibility('com.testCases.TitleTest_doBeforeMethod_byClass_PASS1_details')">doBeforeMethod()</a>
               </td>
               <td nowrap="true">10:24:42</td>
               <td nowrap="true" align="right">5s
                  
               </td>
               <td nowrap="true">
                   
                  
               </td>
            </tr>
            <tr>
               <td colspan="4" class="detailsBox">
                  <div id="com.testCases.TitleTest_doBeforeMethod_byClass_PASS1_details"
                       class="testMethodDetails">
                     <div>
                        <b>Name: </b>doBeforeMethod
                     </div>
                     <div>
                        <b>Signature: </b>doBeforeMethod()[pri:0, instance:com.testCases.TitleTest@326de728]
                     </div>
                     <div>
                        <b>Start time: </b>10:24:42
                     </div>
                     <div>
                        <b>End time: </b>10:24:48
                     </div>
                     <div>
                        <b>Duration: </b>5s
                        
                     </div>
                  </div>
               </td>
            </tr>
            <tr></tr>
            <tr id="com.testCases.TitleTest_one_byClass_PASS2_row" class="testMethodStatusPASS">
               <td width="100%" class="firstMethodCell">
                  <a onclick="toggleDetailsVisibility('com.testCases.TitleTest_one_byClass_PASS2_details')">one()</a>
               </td>
               <td nowrap="true">10:24:48</td>
               <td nowrap="true" align="right">22s
                  
               </td>
               <td nowrap="true">
                   
                  
               </td>
            </tr>
            <tr>
               <td colspan="4" class="detailsBox">
                  <div id="com.testCases.TitleTest_one_byClass_PASS2_details"
                       class="testMethodDetails">
                     <div>
                        <b>Name: </b>one
                     </div>
                     <div>
                        <b>Signature: </b>one()[pri:1, instance:com.testCases.TitleTest@326de728]
                     </div>
                     <div>
                        <b>Start time: </b>10:24:48
                     </div>
                     <div>
                        <b>End time: </b>10:25:10
                     </div>
                     <div>
                        <b>Duration: </b>22s
                        
                     </div>
                  </div>
               </td>
            </tr>
            <tr></tr>
            <tr id="com.testCases.TitleTest_two_byClass_FAIL3_row" class="testMethodStatusFAIL">
               <td width="100%" class="firstMethodCell">
                  <a onclick="toggleDetailsVisibility('com.testCases.TitleTest_two_byClass_FAIL3_details')">two()</a>
               </td>
               <td nowrap="true">10:25:10</td>
               <td nowrap="true" align="right">5s
                  
               </td>
               <td nowrap="true">
                  <a onclick="toggleDetailsVisibility('com.testCases.TitleTest_two_byClass_FAIL3_exception')">org.openqa.selenium.WebDriverException: 
                     TypeError: can't access dead object
                     Build info: version: '3.6.0', revision: '6fbf3ec767', time: '2017-09-27T16:15:40.131Z'
                     System info: host: 'DESKTOP-P1UBEC0', ip: '192.168.48.1', os.name: 'Windows 10', os.arch: 'amd64', os.version: '10.0', java.version:
                     '1.8.0_121'
                     Driver info: org.openqa.selenium.firefox.FirefoxDriver
                     Capabilities [{moz:profile=C:\Users\lenovo\AppData\Local\Temp\rust_mozprofile.V4BHHheFTc3B, rotatable=false, timeouts={implicit=0,
                     pageLoad=300000, script=30000}, pageLoadStrategy=normal, platform=XP, specificationLevel=0, moz:accessibilityChecks=false,
                     acceptInsecureCerts=true, browserVersion=55.0.3, platformVersion=10.0, moz:processID=9620, browserName=firefox, javascriptEnabled=true,
                     platformName=XP}]
                     Session ID: 68a84da5-0aee-4c58-afd2-989e3772f86f
                     
                  </a>
                   
                  
               </td>
            </tr>
            <tr>
               <td colspan="4" class="detailsBox">
                  <div id="com.testCases.TitleTest_two_byClass_FAIL3_details"
                       class="testMethodDetails">
                     <div>
                        <b>Name: </b>two
                     </div>
                     <div>
                        <b>Signature: </b>two()[pri:2, instance:com.testCases.TitleTest@326de728]
                     </div>
                     <div>
                        <b>Start time: </b>10:25:10
                     </div>
                     <div>
                        <b>End time: </b>10:25:15
                     </div>
                     <div>
                        <b>Duration: </b>5s
                        
                     </div>
                  </div>
               </td>
            </tr>
            <tr>
               <td colspan="4" class="detailsBox">
                  <div id="com.testCases.TitleTest_two_byClass_FAIL3_exception"
                       class="testMethodDetails">
                     <pre style="padding: 5px; margin: 0;">org.openqa.selenium.WebDriverException: TypeError: can't access dead object
                        Build info: version: '3.6.0', revision: '6fbf3ec767', time: '2017-09-27T16:15:40.131Z'
                        System info: host: 'DESKTOP-P1UBEC0', ip: '192.168.48.1', os.name: 'Windows 10', os.arch: 'amd64', os.version: '10.0', java.version:
                        '1.8.0_121'
                        Driver info: org.openqa.selenium.firefox.FirefoxDriver
                        Capabilities [{moz:profile=C:\Users\lenovo\AppData\Local\Temp\rust_mozprofile.V4BHHheFTc3B, rotatable=false, timeouts={implicit=0,
                        pageLoad=300000, script=30000}, pageLoadStrategy=normal, platform=XP, specificationLevel=0, moz:accessibilityChecks=false,
                        acceptInsecureCerts=true, browserVersion=55.0.3, platformVersion=10.0, moz:processID=9620, browserName=firefox, javascriptEnabled=true,
                        platformName=XP}]
                        Session ID: 68a84da5-0aee-4c58-afd2-989e3772f86f
                        	at sun.reflect.NativeConstructorAccessorImpl.newInstance0(Native Method)
                        	at sun.reflect.NativeConstructorAccessorImpl.newInstance(Unknown Source)
                        	at sun.reflect.DelegatingConstructorAccessorImpl.newInstance(Unknown Source)
                        	at java.lang.reflect.Constructor.newInstance(Unknown Source)
                        	at org.openqa.selenium.remote.http.W3CHttpResponseCodec.createException(W3CHttpResponseCodec.java:185)
                        	at org.openqa.selenium.remote.http.W3CHttpResponseCodec.decode(W3CHttpResponseCodec.java:120)
                        	at org.openqa.selenium.remote.http.W3CHttpResponseCodec.decode(W3CHttpResponseCodec.java:49)
                        	at org.openqa.selenium.remote.HttpCommandExecutor.execute(HttpCommandExecutor.java:164)
                        	at org.openqa.selenium.remote.service.DriverCommandExecutor.execute(DriverCommandExecutor.java:83)
                        	at org.openqa.selenium.remote.RemoteWebDriver.execute(RemoteWebDriver.java:586)
                        	at org.openqa.selenium.remote.RemoteWebDriver.execute(RemoteWebDriver.java:643)
                        	at org.openqa.selenium.remote.RemoteWebDriver.getPageSource(RemoteWebDriver.java:468)
                        	at com.webtest.core.WebDriverEngine.getHtmlSource(Unknown Source)
                        	at com.testCases.TitleTest.two(Unknown Source)
                        	at sun.reflect.NativeMethodAccessorImpl.invoke0(Native Method)
                        	at sun.reflect.NativeMethodAccessorImpl.invoke(Unknown Source)
                        	at sun.reflect.DelegatingMethodAccessorImpl.invoke(Unknown Source)
                        	at java.lang.reflect.Method.invoke(Unknown Source)
                        	at org.testng.internal.MethodInvocationHelper.invokeMethod(MethodInvocationHelper.java:108)
                        	at org.testng.internal.Invoker.invokeMethod(Invoker.java:669)
                        	at org.testng.internal.Invoker.invokeTestMethod(Invoker.java:877)
                        	at org.testng.internal.Invoker.invokeTestMethods(Invoker.java:1201)
                        	at org.testng.internal.TestMethodWorker.invokeTestMethods(TestMethodWorker.java:125)
                        	at org.testng.internal.TestMethodWorker.run(TestMethodWorker.java:109)
                        	at org.testng.TestRunner.privateRun(TestRunner.java:776)
                        	at org.testng.TestRunner.run(TestRunner.java:634)
                        	at org.testng.SuiteRunner.runTest(SuiteRunner.java:425)
                        	at org.testng.SuiteRunner.runSequentially(SuiteRunner.java:420)
                        	at org.testng.SuiteRunner.privateRun(SuiteRunner.java:385)
                        	at org.testng.SuiteRunner.run(SuiteRunner.java:334)
                        	at org.testng.SuiteRunnerWorker.runSuite(SuiteRunnerWorker.java:52)
                        	at org.testng.SuiteRunnerWorker.run(SuiteRunnerWorker.java:86)
                        	at org.testng.TestNG.runSuitesSequentially(TestNG.java:1318)
                        	at org.testng.TestNG.runSuitesLocally(TestNG.java:1243)
                        	at org.testng.TestNG.runSuites(TestNG.java:1161)
                        	at org.testng.TestNG.run(TestNG.java:1129)
                        	at org.testng.TestNG.privateMain(TestNG.java:1459)
                        	at org.testng.TestNG.main(TestNG.java:1428)
                     </pre>
                  </div>
               </td>
            </tr>
            <tr id="com.testCases.TitleTest_three_byClass_FAIL4_row"
                class="testMethodStatusFAIL">
               <td width="100%" class="firstMethodCell">
                  <a onclick="toggleDetailsVisibility('com.testCases.TitleTest_three_byClass_FAIL4_details')">three()</a>
               </td>
               <td nowrap="true">10:25:15</td>
               <td nowrap="true" align="right">3s
                  
               </td>
               <td nowrap="true">
                  <a onclick="toggleDetailsVisibility('com.testCases.TitleTest_three_byClass_FAIL4_exception')">org.openqa.selenium.WebDriverException: 
                     TypeError: can't access dead object
                     Build info: version: '3.6.0', revision: '6fbf3ec767', time: '2017-09-27T16:15:40.131Z'
                     System info: host: 'DESKTOP-P1UBEC0', ip: '192.168.48.1', os.name: 'Windows 10', os.arch: 'amd64', os.version: '10.0', java.version:
                     '1.8.0_121'
                     Driver info: org.openqa.selenium.firefox.FirefoxDriver
                     Capabilities [{moz:profile=C:\Users\lenovo\AppData\Local\Temp\rust_mozprofile.V4BHHheFTc3B, rotatable=false, timeouts={implicit=0,
                     pageLoad=300000, script=30000}, pageLoadStrategy=normal, platform=XP, specificationLevel=0, moz:accessibilityChecks=false,
                     acceptInsecureCerts=true, browserVersion=55.0.3, platformVersion=10.0, moz:processID=9620, browserName=firefox, javascriptEnabled=true,
                     platformName=XP}]
                     Session ID: 68a84da5-0aee-4c58-afd2-989e3772f86f
                     *** Element info: {Using=css selector, value=frame[name='openinputiframe'],iframe[name='openinputiframe']}
                     
                  </a>
                   
                  
               </td>
            </tr>
            <tr>
               <td colspan="4" class="detailsBox">
                  <div id="com.testCases.TitleTest_three_byClass_FAIL4_details"
                       class="testMethodDetails">
                     <div>
                        <b>Name: </b>three
                     </div>
                     <div>
                        <b>Signature: </b>three()[pri:3, instance:com.testCases.TitleTest@326de728]
                     </div>
                     <div>
                        <b>Start time: </b>10:25:15
                     </div>
                     <div>
                        <b>End time: </b>10:25:18
                     </div>
                     <div>
                        <b>Duration: </b>3s
                        
                     </div>
                  </div>
               </td>
            </tr>
            <tr>
               <td colspan="4" class="detailsBox">
                  <div id="com.testCases.TitleTest_three_byClass_FAIL4_exception"
                       class="testMethodDetails">
                     <pre style="padding: 5px; margin: 0;">org.openqa.selenium.WebDriverException: TypeError: can't access dead object
                        Build info: version: '3.6.0', revision: '6fbf3ec767', time: '2017-09-27T16:15:40.131Z'
                        System info: host: 'DESKTOP-P1UBEC0', ip: '192.168.48.1', os.name: 'Windows 10', os.arch: 'amd64', os.version: '10.0', java.version:
                        '1.8.0_121'
                        Driver info: org.openqa.selenium.firefox.FirefoxDriver
                        Capabilities [{moz:profile=C:\Users\lenovo\AppData\Local\Temp\rust_mozprofile.V4BHHheFTc3B, rotatable=false, timeouts={implicit=0,
                        pageLoad=300000, script=30000}, pageLoadStrategy=normal, platform=XP, specificationLevel=0, moz:accessibilityChecks=false,
                        acceptInsecureCerts=true, browserVersion=55.0.3, platformVersion=10.0, moz:processID=9620, browserName=firefox, javascriptEnabled=true,
                        platformName=XP}]
                        Session ID: 68a84da5-0aee-4c58-afd2-989e3772f86f
                        *** Element info: {Using=css selector, value=frame[name='openinputiframe'],iframe[name='openinputiframe']}
                        	at sun.reflect.NativeConstructorAccessorImpl.newInstance0(Native Method)
                        	at sun.reflect.NativeConstructorAccessorImpl.newInstance(Unknown Source)
                        	at sun.reflect.DelegatingConstructorAccessorImpl.newInstance(Unknown Source)
                        	at java.lang.reflect.Constructor.newInstance(Unknown Source)
                        	at org.openqa.selenium.remote.http.W3CHttpResponseCodec.createException(W3CHttpResponseCodec.java:185)
                        	at org.openqa.selenium.remote.http.W3CHttpResponseCodec.decode(W3CHttpResponseCodec.java:120)
                        	at org.openqa.selenium.remote.http.W3CHttpResponseCodec.decode(W3CHttpResponseCodec.java:49)
                        	at org.openqa.selenium.remote.HttpCommandExecutor.execute(HttpCommandExecutor.java:164)
                        	at org.openqa.selenium.remote.service.DriverCommandExecutor.execute(DriverCommandExecutor.java:83)
                        	at org.openqa.selenium.remote.RemoteWebDriver.execute(RemoteWebDriver.java:586)
                        	at org.openqa.selenium.remote.RemoteWebDriver.findElements(RemoteWebDriver.java:383)
                        	at org.openqa.selenium.remote.RemoteWebDriver.findElementsByCssSelector(RemoteWebDriver.java:454)
                        	at org.openqa.selenium.By$ByCssSelector.findElements(By.java:441)
                        	at org.openqa.selenium.remote.RemoteWebDriver.findElements(RemoteWebDriver.java:344)
                        	at org.openqa.selenium.remote.RemoteWebDriver$RemoteTargetLocator.frame(RemoteWebDriver.java:918)
                        	at com.webtest.core.WebDriverEngine.enterFrame(Unknown Source)
                        	at com.testCases.TitleTest.three(Unknown Source)
                        	at sun.reflect.NativeMethodAccessorImpl.invoke0(Native Method)
                        	at sun.reflect.NativeMethodAccessorImpl.invoke(Unknown Source)
                        	at sun.reflect.DelegatingMethodAccessorImpl.invoke(Unknown Source)
                        	at java.lang.reflect.Method.invoke(Unknown Source)
                        	at org.testng.internal.MethodInvocationHelper.invokeMethod(MethodInvocationHelper.java:108)
                        	at org.testng.internal.Invoker.invokeMethod(Invoker.java:669)
                        	at org.testng.internal.Invoker.invokeTestMethod(Invoker.java:877)
                        	at org.testng.internal.Invoker.invokeTestMethods(Invoker.java:1201)
                        	at org.testng.internal.TestMethodWorker.invokeTestMethods(TestMethodWorker.java:125)
                        	at org.testng.internal.TestMethodWorker.run(TestMethodWorker.java:109)
                        	at org.testng.TestRunner.privateRun(TestRunner.java:776)
                        	at org.testng.TestRunner.run(TestRunner.java:634)
                        	at org.testng.SuiteRunner.runTest(SuiteRunner.java:425)
                        	at org.testng.SuiteRunner.runSequentially(SuiteRunner.java:420)
                        	at org.testng.SuiteRunner.privateRun(SuiteRunner.java:385)
                        	at org.testng.SuiteRunner.run(SuiteRunner.java:334)
                        	at org.testng.SuiteRunnerWorker.runSuite(SuiteRunnerWorker.java:52)
                        	at org.testng.SuiteRunnerWorker.run(SuiteRunnerWorker.java:86)
                        	at org.testng.TestNG.runSuitesSequentially(TestNG.java:1318)
                        	at org.testng.TestNG.runSuitesLocally(TestNG.java:1243)
                        	at org.testng.TestNG.runSuites(TestNG.java:1161)
                        	at org.testng.TestNG.run(TestNG.java:1129)
                        	at org.testng.TestNG.privateMain(TestNG.java:1459)
                        	at org.testng.TestNG.main(TestNG.java:1428)
                     </pre>
                  </div>
               </td>
            </tr>
            <tr id="com.testCases.TitleTest_four_byClass_FAIL5_row"
                class="testMethodStatusFAIL">
               <td width="100%" class="firstMethodCell">
                  <a onclick="toggleDetailsVisibility('com.testCases.TitleTest_four_byClass_FAIL5_details')">four()</a>
               </td>
               <td nowrap="true">10:25:18</td>
               <td nowrap="true" align="right">3s
                  
               </td>
               <td nowrap="true">
                  <a onclick="toggleDetailsVisibility('com.testCases.TitleTest_four_byClass_FAIL5_exception')">org.openqa.selenium.WebDriverException: 
                     TypeError: can't access dead object
                     Build info: version: '3.6.0', revision: '6fbf3ec767', time: '2017-09-27T16:15:40.131Z'
                     System info: host: 'DESKTOP-P1UBEC0', ip: '192.168.48.1', os.name: 'Windows 10', os.arch: 'amd64', os.version: '10.0', java.version:
                     '1.8.0_121'
                     Driver info: org.openqa.selenium.firefox.FirefoxDriver
                     Capabilities [{moz:profile=C:\Users\lenovo\AppData\Local\Temp\rust_mozprofile.V4BHHheFTc3B, rotatable=false, timeouts={implicit=0,
                     pageLoad=300000, script=30000}, pageLoadStrategy=normal, platform=XP, specificationLevel=0, moz:accessibilityChecks=false,
                     acceptInsecureCerts=true, browserVersion=55.0.3, platformVersion=10.0, moz:processID=9620, browserName=firefox, javascriptEnabled=true,
                     platformName=XP}]
                     Session ID: 68a84da5-0aee-4c58-afd2-989e3772f86f
                     *** Element info: {Using=css selector, value=frame[name='openinputiframe'],iframe[name='openinputiframe']}
                     
                  </a>
                   
                  
               </td>
            </tr>
            <tr>
               <td colspan="4" class="detailsBox">
                  <div id="com.testCases.TitleTest_four_byClass_FAIL5_details"
                       class="testMethodDetails">
                     <div>
                        <b>Name: </b>four
                     </div>
                     <div>
                        <b>Signature: </b>four()[pri:4, instance:com.testCases.TitleTest@326de728]
                     </div>
                     <div>
                        <b>Start time: </b>10:25:18
                     </div>
                     <div>
                        <b>End time: </b>10:25:21
                     </div>
                     <div>
                        <b>Duration: </b>3s
                        
                     </div>
                  </div>
               </td>
            </tr>
            <tr>
               <td colspan="4" class="detailsBox">
                  <div id="com.testCases.TitleTest_four_byClass_FAIL5_exception"
                       class="testMethodDetails">
                     <pre style="padding: 5px; margin: 0;">org.openqa.selenium.WebDriverException: TypeError: can't access dead object
                        Build info: version: '3.6.0', revision: '6fbf3ec767', time: '2017-09-27T16:15:40.131Z'
                        System info: host: 'DESKTOP-P1UBEC0', ip: '192.168.48.1', os.name: 'Windows 10', os.arch: 'amd64', os.version: '10.0', java.version:
                        '1.8.0_121'
                        Driver info: org.openqa.selenium.firefox.FirefoxDriver
                        Capabilities [{moz:profile=C:\Users\lenovo\AppData\Local\Temp\rust_mozprofile.V4BHHheFTc3B, rotatable=false, timeouts={implicit=0,
                        pageLoad=300000, script=30000}, pageLoadStrategy=normal, platform=XP, specificationLevel=0, moz:accessibilityChecks=false,
                        acceptInsecureCerts=true, browserVersion=55.0.3, platformVersion=10.0, moz:processID=9620, browserName=firefox, javascriptEnabled=true,
                        platformName=XP}]
                        Session ID: 68a84da5-0aee-4c58-afd2-989e3772f86f
                        *** Element info: {Using=css selector, value=frame[name='openinputiframe'],iframe[name='openinputiframe']}
                        	at sun.reflect.NativeConstructorAccessorImpl.newInstance0(Native Method)
                        	at sun.reflect.NativeConstructorAccessorImpl.newInstance(Unknown Source)
                        	at sun.reflect.DelegatingConstructorAccessorImpl.newInstance(Unknown Source)
                        	at java.lang.reflect.Constructor.newInstance(Unknown Source)
                        	at org.openqa.selenium.remote.http.W3CHttpResponseCodec.createException(W3CHttpResponseCodec.java:185)
                        	at org.openqa.selenium.remote.http.W3CHttpResponseCodec.decode(W3CHttpResponseCodec.java:120)
                        	at org.openqa.selenium.remote.http.W3CHttpResponseCodec.decode(W3CHttpResponseCodec.java:49)
                        	at org.openqa.selenium.remote.HttpCommandExecutor.execute(HttpCommandExecutor.java:164)
                        	at org.openqa.selenium.remote.service.DriverCommandExecutor.execute(DriverCommandExecutor.java:83)
                        	at org.openqa.selenium.remote.RemoteWebDriver.execute(RemoteWebDriver.java:586)
                        	at org.openqa.selenium.remote.RemoteWebDriver.findElements(RemoteWebDriver.java:383)
                        	at org.openqa.selenium.remote.RemoteWebDriver.findElementsByCssSelector(RemoteWebDriver.java:454)
                        	at org.openqa.selenium.By$ByCssSelector.findElements(By.java:441)
                        	at org.openqa.selenium.remote.RemoteWebDriver.findElements(RemoteWebDriver.java:344)
                        	at org.openqa.selenium.remote.RemoteWebDriver$RemoteTargetLocator.frame(RemoteWebDriver.java:918)
                        	at com.webtest.core.WebDriverEngine.enterFrame(Unknown Source)
                        	at com.testCases.TitleTest.four(Unknown Source)
                        	at sun.reflect.NativeMethodAccessorImpl.invoke0(Native Method)
                        	at sun.reflect.NativeMethodAccessorImpl.invoke(Unknown Source)
                        	at sun.reflect.DelegatingMethodAccessorImpl.invoke(Unknown Source)
                        	at java.lang.reflect.Method.invoke(Unknown Source)
                        	at org.testng.internal.MethodInvocationHelper.invokeMethod(MethodInvocationHelper.java:108)
                        	at org.testng.internal.Invoker.invokeMethod(Invoker.java:669)
                        	at org.testng.internal.Invoker.invokeTestMethod(Invoker.java:877)
                        	at org.testng.internal.Invoker.invokeTestMethods(Invoker.java:1201)
                        	at org.testng.internal.TestMethodWorker.invokeTestMethods(TestMethodWorker.java:125)
                        	at org.testng.internal.TestMethodWorker.run(TestMethodWorker.java:109)
                        	at org.testng.TestRunner.privateRun(TestRunner.java:776)
                        	at org.testng.TestRunner.run(TestRunner.java:634)
                        	at org.testng.SuiteRunner.runTest(SuiteRunner.java:425)
                        	at org.testng.SuiteRunner.runSequentially(SuiteRunner.java:420)
                        	at org.testng.SuiteRunner.privateRun(SuiteRunner.java:385)
                        	at org.testng.SuiteRunner.run(SuiteRunner.java:334)
                        	at org.testng.SuiteRunnerWorker.runSuite(SuiteRunnerWorker.java:52)
                        	at org.testng.SuiteRunnerWorker.run(SuiteRunnerWorker.java:86)
                        	at org.testng.TestNG.runSuitesSequentially(TestNG.java:1318)
                        	at org.testng.TestNG.runSuitesLocally(TestNG.java:1243)
                        	at org.testng.TestNG.runSuites(TestNG.java:1161)
                        	at org.testng.TestNG.run(TestNG.java:1129)
                        	at org.testng.TestNG.privateMain(TestNG.java:1459)
                        	at org.testng.TestNG.main(TestNG.java:1428)
                     </pre>
                  </div>
               </td>
            </tr>
            <tr id="com.testCases.TitleTest_five_byClass_FAIL6_row"
                class="testMethodStatusFAIL">
               <td width="100%" class="firstMethodCell">
                  <a onclick="toggleDetailsVisibility('com.testCases.TitleTest_five_byClass_FAIL6_details')">five()</a>
               </td>
               <td nowrap="true">10:25:21</td>
               <td nowrap="true" align="right">3s
                  
               </td>
               <td nowrap="true">
                  <a onclick="toggleDetailsVisibility('com.testCases.TitleTest_five_byClass_FAIL6_exception')">org.openqa.selenium.WebDriverException: 
                     TypeError: can't access dead object
                     Build info: version: '3.6.0', revision: '6fbf3ec767', time: '2017-09-27T16:15:40.131Z'
                     System info: host: 'DESKTOP-P1UBEC0', ip: '192.168.48.1', os.name: 'Windows 10', os.arch: 'amd64', os.version: '10.0', java.version:
                     '1.8.0_121'
                     Driver info: org.openqa.selenium.firefox.FirefoxDriver
                     Capabilities [{moz:profile=C:\Users\lenovo\AppData\Local\Temp\rust_mozprofile.V4BHHheFTc3B, rotatable=false, timeouts={implicit=0,
                     pageLoad=300000, script=30000}, pageLoadStrategy=normal, platform=XP, specificationLevel=0, moz:accessibilityChecks=false,
                     acceptInsecureCerts=true, browserVersion=55.0.3, platformVersion=10.0, moz:processID=9620, browserName=firefox, javascriptEnabled=true,
                     platformName=XP}]
                     Session ID: 68a84da5-0aee-4c58-afd2-989e3772f86f
                     *** Element info: {Using=css selector, value=frame[name='openinputiframe'],iframe[name='openinputiframe']}
                     
                  </a>
                   
                  
               </td>
            </tr>
            <tr>
               <td colspan="4" class="detailsBox">
                  <div id="com.testCases.TitleTest_five_byClass_FAIL6_details"
                       class="testMethodDetails">
                     <div>
                        <b>Name: </b>five
                     </div>
                     <div>
                        <b>Signature: </b>five()[pri:5, instance:com.testCases.TitleTest@326de728]
                     </div>
                     <div>
                        <b>Start time: </b>10:25:21
                     </div>
                     <div>
                        <b>End time: </b>10:25:25
                     </div>
                     <div>
                        <b>Duration: </b>3s
                        
                     </div>
                  </div>
               </td>
            </tr>
            <tr>
               <td colspan="4" class="detailsBox">
                  <div id="com.testCases.TitleTest_five_byClass_FAIL6_exception"
                       class="testMethodDetails">
                     <pre style="padding: 5px; margin: 0;">org.openqa.selenium.WebDriverException: TypeError: can't access dead object
                        Build info: version: '3.6.0', revision: '6fbf3ec767', time: '2017-09-27T16:15:40.131Z'
                        System info: host: 'DESKTOP-P1UBEC0', ip: '192.168.48.1', os.name: 'Windows 10', os.arch: 'amd64', os.version: '10.0', java.version:
                        '1.8.0_121'
                        Driver info: org.openqa.selenium.firefox.FirefoxDriver
                        Capabilities [{moz:profile=C:\Users\lenovo\AppData\Local\Temp\rust_mozprofile.V4BHHheFTc3B, rotatable=false, timeouts={implicit=0,
                        pageLoad=300000, script=30000}, pageLoadStrategy=normal, platform=XP, specificationLevel=0, moz:accessibilityChecks=false,
                        acceptInsecureCerts=true, browserVersion=55.0.3, platformVersion=10.0, moz:processID=9620, browserName=firefox, javascriptEnabled=true,
                        platformName=XP}]
                        Session ID: 68a84da5-0aee-4c58-afd2-989e3772f86f
                        *** Element info: {Using=css selector, value=frame[name='openinputiframe'],iframe[name='openinputiframe']}
                        	at sun.reflect.NativeConstructorAccessorImpl.newInstance0(Native Method)
                        	at sun.reflect.NativeConstructorAccessorImpl.newInstance(Unknown Source)
                        	at sun.reflect.DelegatingConstructorAccessorImpl.newInstance(Unknown Source)
                        	at java.lang.reflect.Constructor.newInstance(Unknown Source)
                        	at org.openqa.selenium.remote.http.W3CHttpResponseCodec.createException(W3CHttpResponseCodec.java:185)
                        	at org.openqa.selenium.remote.http.W3CHttpResponseCodec.decode(W3CHttpResponseCodec.java:120)
                        	at org.openqa.selenium.remote.http.W3CHttpResponseCodec.decode(W3CHttpResponseCodec.java:49)
                        	at org.openqa.selenium.remote.HttpCommandExecutor.execute(HttpCommandExecutor.java:164)
                        	at org.openqa.selenium.remote.service.DriverCommandExecutor.execute(DriverCommandExecutor.java:83)
                        	at org.openqa.selenium.remote.RemoteWebDriver.execute(RemoteWebDriver.java:586)
                        	at org.openqa.selenium.remote.RemoteWebDriver.findElements(RemoteWebDriver.java:383)
                        	at org.openqa.selenium.remote.RemoteWebDriver.findElementsByCssSelector(RemoteWebDriver.java:454)
                        	at org.openqa.selenium.By$ByCssSelector.findElements(By.java:441)
                        	at org.openqa.selenium.remote.RemoteWebDriver.findElements(RemoteWebDriver.java:344)
                        	at org.openqa.selenium.remote.RemoteWebDriver$RemoteTargetLocator.frame(RemoteWebDriver.java:918)
                        	at com.webtest.core.WebDriverEngine.enterFrame(Unknown Source)
                        	at com.testCases.TitleTest.five(Unknown Source)
                        	at sun.reflect.NativeMethodAccessorImpl.invoke0(Native Method)
                        	at sun.reflect.NativeMethodAccessorImpl.invoke(Unknown Source)
                        	at sun.reflect.DelegatingMethodAccessorImpl.invoke(Unknown Source)
                        	at java.lang.reflect.Method.invoke(Unknown Source)
                        	at org.testng.internal.MethodInvocationHelper.invokeMethod(MethodInvocationHelper.java:108)
                        	at org.testng.internal.Invoker.invokeMethod(Invoker.java:669)
                        	at org.testng.internal.Invoker.invokeTestMethod(Invoker.java:877)
                        	at org.testng.internal.Invoker.invokeTestMethods(Invoker.java:1201)
                        	at org.testng.internal.TestMethodWorker.invokeTestMethods(TestMethodWorker.java:125)
                        	at org.testng.internal.TestMethodWorker.run(TestMethodWorker.java:109)
                        	at org.testng.TestRunner.privateRun(TestRunner.java:776)
                        	at org.testng.TestRunner.run(TestRunner.java:634)
                        	at org.testng.SuiteRunner.runTest(SuiteRunner.java:425)
                        	at org.testng.SuiteRunner.runSequentially(SuiteRunner.java:420)
                        	at org.testng.SuiteRunner.privateRun(SuiteRunner.java:385)
                        	at org.testng.SuiteRunner.run(SuiteRunner.java:334)
                        	at org.testng.SuiteRunnerWorker.runSuite(SuiteRunnerWorker.java:52)
                        	at org.testng.SuiteRunnerWorker.run(SuiteRunnerWorker.java:86)
                        	at org.testng.TestNG.runSuitesSequentially(TestNG.java:1318)
                        	at org.testng.TestNG.runSuitesLocally(TestNG.java:1243)
                        	at org.testng.TestNG.runSuites(TestNG.java:1161)
                        	at org.testng.TestNG.run(TestNG.java:1129)
                        	at org.testng.TestNG.privateMain(TestNG.java:1459)
                        	at org.testng.TestNG.main(TestNG.java:1428)
                     </pre>
                  </div>
               </td>
            </tr>
            <tr id="com.testCases.TitleTest_doAfterMethod_byClass_PASS7_row"
                class="testMethodStatusPASS testMethodStatusCONF">
               <td width="100%" class="firstMethodCell">
                  <a onclick="toggleDetailsVisibility('com.testCases.TitleTest_doAfterMethod_byClass_PASS7_details')">doAfterMethod()</a>
               </td>
               <td nowrap="true">10:25:25</td>
               <td nowrap="true" align="right">3s
                  
               </td>
               <td nowrap="true">
                   
                  
               </td>
            </tr>
            <tr>
               <td colspan="4" class="detailsBox">
                  <div id="com.testCases.TitleTest_doAfterMethod_byClass_PASS7_details"
                       class="testMethodDetails">
                     <div>
                        <b>Name: </b>doAfterMethod
                     </div>
                     <div>
                        <b>Signature: </b>doAfterMethod()[pri:0, instance:com.testCases.TitleTest@326de728]
                     </div>
                     <div>
                        <b>Start time: </b>10:25:25
                     </div>
                     <div>
                        <b>End time: </b>10:25:28
                     </div>
                     <div>
                        <b>Duration: </b>3s
                        
                     </div>
                  </div>
               </td>
            </tr>
            <tr></tr>
         </table>
         <br></br>
      </div>
      <div style="margin-top: 15px; color: gray; text-align: center; font-size: 9px;">
         Generated with
         
         <a href="http://code.google.com/p/testng-xslt/" style="color: #8888aa;"
            target="_blank">
            TestNG XSLT
            
         </a>
      </div>
   </body>
</html>