<?xml version="1.0" encoding="UTF-8"?>
<testng-results skipped="0" failed="0" total="1" passed="1">
  <reporter-output>
  </reporter-output>
  <suite name="Default suite" duration-ms="5385" started-at="2017-12-15T01:51:10Z" finished-at="2017-12-15T01:51:15Z">
    <groups>
    </groups>
    <test name="Default test" duration-ms="5385" started-at="2017-12-15T01:51:10Z" finished-at="2017-12-15T01:51:15Z">
      <class name="com.mail.MailBox">
        <test-method status="PASS" signature="aa()[pri:0, instance:com.mail.MailBox@3ffc5af1]" name="aa" duration-ms="5364" started-at="2017-12-15T09:51:10Z" finished-at="2017-12-15T09:51:15Z">
          <reporter-output>
          </reporter-output>
        </test-method> <!-- aa -->
      </class> <!-- com.mail.MailBox -->
    </test> <!-- Default test -->
  </suite> <!-- Default suite -->
</testng-results>
